2023-04-18T21:28:40+00:00 LAPTOP-NJCVF2UA#04 I: Start test suite:3:zero.
2023-04-18T21:28:40+00:00 LAPTOP-NJCVF2UA#04 E: Test suite:3:zero exited with an error.
2023-04-18T21:28:40+00:00 LAPTOP-NJCVF2UA#04 E: Failure("Unimplemented: make_int") in test suite:3:zero.
2023-04-18T21:28:40+00:00 LAPTOP-NJCVF2UA#04 E: Raised at Stdlib.failwith in file "stdlib.ml", line 29, characters 17-33
2023-04-18T21:28:40+00:00 LAPTOP-NJCVF2UA#04 E: Called from Rml__Checker.check_expr in file "src/checker.ml", line 486, characters 28-38
2023-04-18T21:28:40+00:00 LAPTOP-NJCVF2UA#04 E: Called from Rml__Main.interp_expr in file "src/main.ml", line 12, characters 12-51
2023-04-18T21:28:40+00:00 LAPTOP-NJCVF2UA#04 E: Called from Dune__exe__Main.make_test.(fun) in file "test/main.ml", line 7, characters 5-69
2023-04-18T21:28:40+00:00 LAPTOP-NJCVF2UA#04 E: Called from OUnitRunner.run_one_test.(fun) in file "src/lib/ounit2/advanced/oUnitRunner.ml", line 83, characters 13-26
2023-04-18T21:28:40+00:00 LAPTOP-NJCVF2UA#04 E: 
2023-04-18T21:28:40+00:00 LAPTOP-NJCVF2UA#04 I: End test suite:3:zero.
2023-04-18T21:28:40+00:00 LAPTOP-NJCVF2UA#04 I: Start test suite:10:int identity function.
2023-04-18T21:28:40+00:00 LAPTOP-NJCVF2UA#04 E: Test suite:10:int identity function exited with an error.
2023-04-18T21:28:40+00:00 LAPTOP-NJCVF2UA#04 E: Failure("Unimplemented: make_var_pattern") in test suite:10:int identity function.
2023-04-18T21:28:40+00:00 LAPTOP-NJCVF2UA#04 E: Raised at Stdlib.failwith in file "stdlib.ml", line 29, characters 17-33
2023-04-18T21:28:40+00:00 LAPTOP-NJCVF2UA#04 E: Called from Rml__Checker.type_of_pattern in file "src/checker.ml", line 351, characters 38-56
2023-04-18T21:28:40+00:00 LAPTOP-NJCVF2UA#04 E: Called from Rml__Checker.check_pattern in file "src/checker.ml", line 377, characters 16-33
2023-04-18T21:28:40+00:00 LAPTOP-NJCVF2UA#04 E: Called from Rml__Checker.check_fun in file "src/checker.ml", line 522, characters 19-50
2023-04-18T21:28:40+00:00 LAPTOP-NJCVF2UA#04 E: Called from Rml__Main.interp_expr in file "src/main.ml", line 12, characters 12-51
2023-04-18T21:28:40+00:00 LAPTOP-NJCVF2UA#04 E: Called from Dune__exe__Main.make_test.(fun) in file "test/main.ml", line 7, characters 5-69
2023-04-18T21:28:40+00:00 LAPTOP-NJCVF2UA#04 E: Called from OUnitRunner.run_one_test.(fun) in file "src/lib/ounit2/advanced/oUnitRunner.ml", line 83, characters 13-26
2023-04-18T21:28:40+00:00 LAPTOP-NJCVF2UA#04 E: 
2023-04-18T21:28:40+00:00 LAPTOP-NJCVF2UA#04 I: End test suite:10:int identity function.
2023-04-18T21:28:40+00:00 LAPTOP-NJCVF2UA#04 I: Start test suite:14:bop mod.
2023-04-18T21:28:40+00:00 LAPTOP-NJCVF2UA#04 E: Test suite:14:bop mod exited with an error.
2023-04-18T21:28:40+00:00 LAPTOP-NJCVF2UA#04 E: Failure("Unimplemented: make_int") in test suite:14:bop mod.
2023-04-18T21:28:40+00:00 LAPTOP-NJCVF2UA#04 E: Raised at Stdlib.failwith in file "stdlib.ml", line 29, characters 17-33
2023-04-18T21:28:40+00:00 LAPTOP-NJCVF2UA#04 E: Called from Rml__Checker.check_expr in file "src/checker.ml", line 486, characters 28-38
2023-04-18T21:28:40+00:00 LAPTOP-NJCVF2UA#04 E: Called from Rml__Checker.check_bop.expected in file "src/checker.ml", line 570, characters 19-43
2023-04-18T21:28:40+00:00 LAPTOP-NJCVF2UA#04 E: Called from Rml__Main.interp_expr in file "src/main.ml", line 12, characters 12-51
2023-04-18T21:28:40+00:00 LAPTOP-NJCVF2UA#04 E: Called from Dune__exe__Main.make_test.(fun) in file "test/main.ml", line 7, characters 5-69
2023-04-18T21:28:40+00:00 LAPTOP-NJCVF2UA#04 E: Called from OUnitRunner.run_one_test.(fun) in file "src/lib/ounit2/advanced/oUnitRunner.ml", line 83, characters 13-26
2023-04-18T21:28:40+00:00 LAPTOP-NJCVF2UA#04 E: 
2023-04-18T21:28:40+00:00 LAPTOP-NJCVF2UA#04 I: End test suite:14:bop mod.
2023-04-18T21:28:40+00:00 LAPTOP-NJCVF2UA#04 I: Start test suite:18:basic sequence.
2023-04-18T21:28:40+00:00 LAPTOP-NJCVF2UA#04 E: Test suite:18:basic sequence exited with an error.
2023-04-18T21:28:40+00:00 LAPTOP-NJCVF2UA#04 E: Failure("Unimplemented: make_unit") in test suite:18:basic sequence.
2023-04-18T21:28:40+00:00 LAPTOP-NJCVF2UA#04 E: Raised at Stdlib.failwith in file "stdlib.ml", line 29, characters 17-33
2023-04-18T21:28:40+00:00 LAPTOP-NJCVF2UA#04 E: Called from Rml__Checker.check_expr in file "src/checker.ml", line 483, characters 23-35
2023-04-18T21:28:40+00:00 LAPTOP-NJCVF2UA#04 E: Called from Rml__Checker.check_seq in file "src/checker.ml", line 664, characters 17-41
2023-04-18T21:28:40+00:00 LAPTOP-NJCVF2UA#04 E: Called from Rml__Main.interp_expr in file "src/main.ml", line 12, characters 12-51
2023-04-18T21:28:40+00:00 LAPTOP-NJCVF2UA#04 E: Called from Dune__exe__Main.make_test.(fun) in file "test/main.ml", line 7, characters 5-69
2023-04-18T21:28:40+00:00 LAPTOP-NJCVF2UA#04 E: Called from OUnitRunner.run_one_test.(fun) in file "src/lib/ounit2/advanced/oUnitRunner.ml", line 83, characters 13-26
2023-04-18T21:28:40+00:00 LAPTOP-NJCVF2UA#04 E: 
2023-04-18T21:28:40+00:00 LAPTOP-NJCVF2UA#04 I: End test suite:18:basic sequence.
